INFO 2020-11-02 17:15:38,726 autoreload 597 Watching for file changes with StatReloader
INFO 2020-11-02 17:15:59,073 autoreload 597 Watching for file changes with StatReloader
INFO 2020-11-02 17:16:23,866 basehttp 154 "GET /blog/ HTTP/1.1" 200 8715
INFO 2020-11-02 17:16:23,911 basehttp 154 "GET /static/base.css HTTP/1.1" 304 0
INFO 2020-11-02 17:16:42,559 basehttp 154 "GET /blog/3 HTTP/1.1" 200 32350
INFO 2020-11-02 17:16:44,213 basehttp 154 "GET /blog/ HTTP/1.1" 200 8715
INFO 2020-11-02 17:16:44,540 basehttp 154 "GET / HTTP/1.1" 200 2325
INFO 2020-11-02 17:16:44,574 basehttp 154 "GET /static/home.css HTTP/1.1" 304 0
INFO 2020-11-02 17:16:44,599 basehttp 154 "GET /static/kui.mp4 HTTP/1.1" 304 0
INFO 2020-11-02 17:16:45,283 basehttp 154 "GET /blog/ HTTP/1.1" 200 8715
INFO 2020-11-02 17:16:46,130 basehttp 154 "GET / HTTP/1.1" 200 2325
INFO 2020-11-02 17:16:48,521 basehttp 154 "GET /blog/ HTTP/1.1" 200 8715
INFO 2020-11-02 17:17:12,553 basehttp 154 "GET /blog/ HTTP/1.1" 200 8715
INFO 2020-11-02 17:17:32,896 basehttp 154 "GET /blog/type/1 HTTP/1.1" 200 4691
WARNING 2020-11-02 17:17:32,941 log 222 Not Found: /blog/static/jquery-3.5.1.min.js
WARNING 2020-11-02 17:17:32,943 basehttp 154 "GET /blog/static/jquery-3.5.1.min.js HTTP/1.1" 404 2819
WARNING 2020-11-02 17:17:32,955 log 222 Not Found: /blog/static/bootstrap-3.3.7/js/bootstrap.min.js
WARNING 2020-11-02 17:17:32,956 basehttp 154 "GET /blog/static/bootstrap-3.3.7/js/bootstrap.min.js HTTP/1.1" 404 2867
INFO 2020-11-02 17:17:41,535 basehttp 154 "GET /blog/type/2 HTTP/1.1" 200 5793
WARNING 2020-11-02 17:17:41,591 log 222 Not Found: /blog/static/jquery-3.5.1.min.js
WARNING 2020-11-02 17:17:41,594 log 222 Not Found: /blog/static/bootstrap-3.3.7/js/bootstrap.min.js
WARNING 2020-11-02 17:17:41,595 basehttp 154 "GET /blog/static/jquery-3.5.1.min.js HTTP/1.1" 404 2819
WARNING 2020-11-02 17:17:41,596 basehttp 154 "GET /blog/static/bootstrap-3.3.7/js/bootstrap.min.js HTTP/1.1" 404 2867
INFO 2020-11-02 17:17:48,173 basehttp 154 "GET /blog/type/3 HTTP/1.1" 200 4671
WARNING 2020-11-02 17:17:48,227 log 222 Not Found: /blog/static/jquery-3.5.1.min.js
WARNING 2020-11-02 17:17:48,230 log 222 Not Found: /blog/static/bootstrap-3.3.7/js/bootstrap.min.js
WARNING 2020-11-02 17:17:48,231 basehttp 154 "GET /blog/static/jquery-3.5.1.min.js HTTP/1.1" 404 2819
WARNING 2020-11-02 17:17:48,232 basehttp 154 "GET /blog/static/bootstrap-3.3.7/js/bootstrap.min.js HTTP/1.1" 404 2867
INFO 2020-11-02 17:17:51,245 basehttp 154 "GET /blog/6 HTTP/1.1" 200 2317
INFO 2020-11-02 17:17:51,299 basehttp 154 "GET /static/bootstrap-3.3.7/js/bootstrap.min.js HTTP/1.1" 200 37051
INFO 2020-11-02 17:17:51,300 basehttp 154 "GET /static/jquery-3.5.1.min.js HTTP/1.1" 200 89478
INFO 2020-11-02 17:19:04,884 basehttp 154 "GET /blog/ HTTP/1.1" 200 8715
INFO 2020-11-02 17:20:17,730 autoreload 597 Watching for file changes with StatReloader
INFO 2020-11-02 17:20:23,741 basehttp 154 "GET /blog/ HTTP/1.1" 200 8715
INFO 2020-11-02 17:20:35,323 basehttp 154 "GET /blog/ HTTP/1.1" 200 8715
INFO 2020-11-02 17:20:36,839 basehttp 154 "GET /blog/4 HTTP/1.1" 200 2320
INFO 2020-11-02 17:29:44,355 autoreload 217 E:\myself\DjangoLearn\mysite\mysite\settings.py changed, reloading.
INFO -- 2020-11-02 17:29:45,770 - django.utils.autoreload - Watching for file changes with StatReloader
